<?xml version="1.0" encoding="UTF-8"?>
<testsuite xmlns:xsi="http://www.w3.org/2001/XMLSchema-instance" xsi:noNamespaceSchemaLocation="https://maven.apache.org/surefire/maven-surefire-plugin/xsd/surefire-test-report.xsd" name="dartmouthTimetableScannerServer.AppTest" time="0.084" tests="1" errors="0" skipped="0" failures="0">
  <properties>
    <property name="awt.toolkit" value="sun.awt.X11.XToolkit"/>
    <property name="java.specification.version" value="10"/>
    <property name="file.encoding.pkg" value="sun.io"/>
    <property name="sun.cpu.isalist" value=""/>
    <property name="sun.jnu.encoding" value="UTF-8"/>
    <property name="java.class.path" value="/mnt/c/Users/jksmi/Documents/Code/Dartmouth_Timetable_Scanner_Server/serverProject/target/test-classes:/mnt/c/Users/jksmi/Documents/Code/Dartmouth_Timetable_Scanner_Server/serverProject/target/classes:/home/jaismith/.m2/repository/junit/junit/4.11/junit-4.11.jar:/home/jaismith/.m2/repository/org/hamcrest/hamcrest-core/1.3/hamcrest-core-1.3.jar:/home/jaismith/.m2/repository/org/jsoup/jsoup/1.11.3/jsoup-1.11.3.jar:/home/jaismith/.m2/repository/com/google/code/gson/gson/2.8.5/gson-2.8.5.jar:/home/jaismith/.m2/repository/commons-io/commons-io/2.5/commons-io-2.5.jar:"/>
    <property name="java.vm.vendor" value="Oracle Corporation"/>
    <property name="sun.arch.data.model" value="64"/>
    <property name="java.vendor.url" value="http://java.oracle.com/"/>
    <property name="user.timezone" value=""/>
    <property name="java.vm.specification.version" value="10"/>
    <property name="os.name" value="Linux"/>
    <property name="sun.java.launcher" value="SUN_STANDARD"/>
    <property name="sun.boot.library.path" value="/usr/lib/jvm/java-11-openjdk-amd64/lib"/>
    <property name="sun.java.command" value="/mnt/c/Users/jksmi/Documents/Code/Dartmouth_Timetable_Scanner_Server/serverProject/target/surefire/surefirebooter8268166635889400667.jar /mnt/c/Users/jksmi/Documents/Code/Dartmouth_Timetable_Scanner_Server/serverProject/target/surefire 2019-03-28T05-13-15_173-jvmRun1 surefire12957747111956125315tmp surefire_016942390484458645886tmp"/>
    <property name="jdk.debug" value="release"/>
    <property name="surefire.test.class.path" value="/mnt/c/Users/jksmi/Documents/Code/Dartmouth_Timetable_Scanner_Server/serverProject/target/test-classes:/mnt/c/Users/jksmi/Documents/Code/Dartmouth_Timetable_Scanner_Server/serverProject/target/classes:/home/jaismith/.m2/repository/junit/junit/4.11/junit-4.11.jar:/home/jaismith/.m2/repository/org/hamcrest/hamcrest-core/1.3/hamcrest-core-1.3.jar:/home/jaismith/.m2/repository/org/jsoup/jsoup/1.11.3/jsoup-1.11.3.jar:/home/jaismith/.m2/repository/com/google/code/gson/gson/2.8.5/gson-2.8.5.jar:/home/jaismith/.m2/repository/commons-io/commons-io/2.5/commons-io-2.5.jar:"/>
    <property name="sun.cpu.endian" value="little"/>
    <property name="user.home" value="/home/jaismith"/>
    <property name="user.language" value="en"/>
    <property name="java.specification.vendor" value="Oracle Corporation"/>
    <property name="java.version.date" value="2018-07-17"/>
    <property name="java.home" value="/usr/lib/jvm/java-11-openjdk-amd64"/>
    <property name="file.separator" value="/"/>
    <property name="basedir" value="/mnt/c/Users/jksmi/Documents/Code/Dartmouth_Timetable_Scanner_Server/serverProject"/>
    <property name="java.vm.compressedOopsMode" value="32-bit"/>
    <property name="line.separator" value="&#10;"/>
    <property name="java.specification.name" value="Java Platform API Specification"/>
    <property name="java.vm.specification.vendor" value="Oracle Corporation"/>
    <property name="java.awt.graphicsenv" value="sun.awt.X11GraphicsEnvironment"/>
    <property name="surefire.real.class.path" value="/mnt/c/Users/jksmi/Documents/Code/Dartmouth_Timetable_Scanner_Server/serverProject/target/surefire/surefirebooter8268166635889400667.jar"/>
    <property name="sun.management.compiler" value="HotSpot 64-Bit Tiered Compilers"/>
    <property name="java.runtime.version" value="10.0.2+13-Ubuntu-1ubuntu0.18.04.4"/>
    <property name="user.name" value="jaismith"/>
    <property name="path.separator" value=":"/>
    <property name="os.version" value="4.4.0-17134-Microsoft"/>
    <property name="java.runtime.name" value="OpenJDK Runtime Environment"/>
    <property name="file.encoding" value="UTF-8"/>
    <property name="java.vm.name" value="OpenJDK 64-Bit Server VM"/>
    <property name="localRepository" value="/home/jaismith/.m2/repository"/>
    <property name="java.vendor.url.bug" value="http://bugreport.java.com/bugreport/"/>
    <property name="java.io.tmpdir" value="/tmp"/>
    <property name="java.version" value="10.0.2"/>
    <property name="user.dir" value="/mnt/c/Users/jksmi/Documents/Code/Dartmouth_Timetable_Scanner_Server/serverProject"/>
    <property name="os.arch" value="amd64"/>
    <property name="java.vm.specification.name" value="Java Virtual Machine Specification"/>
    <property name="java.awt.printerjob" value="sun.print.PSPrinterJob"/>
    <property name="sun.os.patch.level" value="unknown"/>
    <property name="java.library.path" value="/usr/java/packages/lib:/usr/lib/x86_64-linux-gnu/jni:/lib/x86_64-linux-gnu:/usr/lib/x86_64-linux-gnu:/usr/lib/jni:/lib:/usr/lib"/>
    <property name="java.vendor" value="Oracle Corporation"/>
    <property name="java.vm.info" value="mixed mode"/>
    <property name="java.vm.version" value="10.0.2+13-Ubuntu-1ubuntu0.18.04.4"/>
    <property name="sun.io.unicode.encoding" value="UnicodeLittle"/>
    <property name="java.class.version" value="54.0"/>
  </properties>
  <testcase name="shouldAnswerWithTrue" classname="dartmouthTimetableScannerServer.AppTest" time="0.007"/>
</testsuite>